ISim log file
Running: C:\Users\User\Desktop\Lab_3_v8\TopLevel_TopLevel_sch_tb_isim_par.exe -intstyle ise -gui -sdfmax /UUT/=netgen/par/TopLevel_timesim.sdf -sdfroot /UUT -tclbatch isim.cmd -wdb C:/Users/User/Desktop/Lab_3_v8/TopLevel_TopLevel_sch_tb_isim_par.wdb 
ISim P.20131013 (signature 0x7708f090)
WARNING: A WEBPACK license was found.
WARNING: Please use Xilinx License Configuration Manager to check out a full ISim license.
WARNING: ISim will run in Lite mode. Please refer to the ISim documentation for more information on the differences between the Lite and the Full version.
This is a Lite version of ISim.
INFO: SDF backannotation was successful with SDF file netgen/par/TopLevel_timesim.sdf, for root module /UUT/.
Time resolution is 1 ps
# onerror resume
# wave add /
# run 1000 ns
Simulator is doing circuit initialization process.
Finished circuit initialization process.
at 0 ps, Instance /toplevel_toplevel_sch_tb/UUT/XLXI_53_Mmult_ALUR_mult0001/ : Warning: There is an 'U'|'X'|'W'|'Z'|'-' in an arithmetic operand, the result will be 'X'(es).
# restart
# run 160ms
Simulator is doing circuit initialization process.
Finished circuit initialization process.
# run all
Stopped at time : 430276316 ns : File "C:/Users/User/Desktop/Lab_3_v8/TopLevelTest.vhd" Line 108
